  [1m[35m (198.9ms)[0m  [1m[35mCREATE DATABASE "Burning-Airlines-BCDK-server_development" ENCODING = 'unicode'[0m
  ↳ bin/rails:9
  [1m[35m (87.8ms)[0m  [1m[35mCREATE DATABASE "Burning-Airlines-BCDK-server_test" ENCODING = 'unicode'[0m
  ↳ bin/rails:9
  [1m[35m (21.8ms)[0m  [1m[35mCREATE TABLE "schema_migrations" ("version" character varying NOT NULL PRIMARY KEY)[0m
  ↳ bin/rails:9
  [1m[35m (8.0ms)[0m  [1m[35mCREATE TABLE "ar_internal_metadata" ("key" character varying NOT NULL PRIMARY KEY, "value" character varying, "created_at" timestamp NOT NULL, "updated_at" timestamp NOT NULL)[0m
  ↳ bin/rails:9
  [1m[35m (1.6ms)[0m  [1m[34mSELECT pg_try_advisory_lock(4913165718132987000)[0m
  ↳ bin/rails:9
  [1m[35m (2.1ms)[0m  [1m[34mSELECT "schema_migrations"."version" FROM "schema_migrations" ORDER BY "schema_migrations"."version" ASC[0m
  ↳ bin/rails:9
Migrating to CreateAirplanes (20210511153620)
  [1m[35m (4.8ms)[0m  [1m[35mBEGIN[0m
  ↳ bin/rails:9
  [1m[35m (13.2ms)[0m  [1m[35mCREATE TABLE "airplanes" ("id" bigserial primary key, "name" text, "rows" integer, "columns" integer, "created_at" timestamp NOT NULL, "updated_at" timestamp NOT NULL)[0m
  ↳ db/migrate/20210511153620_create_airplanes.rb:3
  [1m[36mActiveRecord::SchemaMigration Create (8.9ms)[0m  [1m[32mINSERT INTO "schema_migrations" ("version") VALUES ($1) RETURNING "version"[0m  [["version", "20210511153620"]]
  ↳ bin/rails:9
  [1m[35m (1.5ms)[0m  [1m[35mCOMMIT[0m
  ↳ bin/rails:9
Migrating to CreateFlights (20210511153950)
  [1m[35m (0.5ms)[0m  [1m[35mBEGIN[0m
  ↳ bin/rails:9
  [1m[35m (18.8ms)[0m  [1m[35mCREATE TABLE "flights" ("id" bigserial primary key, "flight_number" text, "origin" text, "destination" text, "departure_time" text, "arrival_time" text, "airplane_id" integer, "created_at" timestamp NOT NULL, "updated_at" timestamp NOT NULL)[0m
  ↳ db/migrate/20210511153950_create_flights.rb:3
  [1m[36mActiveRecord::SchemaMigration Create (0.6ms)[0m  [1m[32mINSERT INTO "schema_migrations" ("version") VALUES ($1) RETURNING "version"[0m  [["version", "20210511153950"]]
  ↳ bin/rails:9
  [1m[35m (0.7ms)[0m  [1m[35mCOMMIT[0m
  ↳ bin/rails:9
Migrating to CreateReservations (20210511154128)
  [1m[35m (0.9ms)[0m  [1m[35mBEGIN[0m
  ↳ bin/rails:9
  [1m[35m (3.9ms)[0m  [1m[35mCREATE TABLE "reservations" ("id" bigserial primary key, "row_id" integer, "column_id" integer, "user_id" integer, "flight_id" integer, "created_at" timestamp NOT NULL, "updated_at" timestamp NOT NULL)[0m
  ↳ db/migrate/20210511154128_create_reservations.rb:3
  [1m[36mActiveRecord::SchemaMigration Create (0.8ms)[0m  [1m[32mINSERT INTO "schema_migrations" ("version") VALUES ($1) RETURNING "version"[0m  [["version", "20210511154128"]]
  ↳ bin/rails:9
  [1m[35m (1.0ms)[0m  [1m[35mCOMMIT[0m
  ↳ bin/rails:9
Migrating to CreateUsers (20210511154327)
  [1m[35m (0.4ms)[0m  [1m[35mBEGIN[0m
  ↳ bin/rails:9
  [1m[35m (19.3ms)[0m  [1m[35mCREATE TABLE "users" ("id" bigserial primary key, "name" text, "email" text, "password" text, "admin" boolean, "created_at" timestamp NOT NULL, "updated_at" timestamp NOT NULL)[0m
  ↳ db/migrate/20210511154327_create_users.rb:3
  [1m[36mActiveRecord::SchemaMigration Create (0.8ms)[0m  [1m[32mINSERT INTO "schema_migrations" ("version") VALUES ($1) RETURNING "version"[0m  [["version", "20210511154327"]]
  ↳ bin/rails:9
  [1m[35m (0.9ms)[0m  [1m[35mCOMMIT[0m
  ↳ bin/rails:9
  [1m[36mActiveRecord::InternalMetadata Load (1.3ms)[0m  [1m[34mSELECT  "ar_internal_metadata".* FROM "ar_internal_metadata" WHERE "ar_internal_metadata"."key" = $1 LIMIT $2[0m  [["key", "environment"], ["LIMIT", 1]]
  ↳ bin/rails:9
  [1m[35m (0.4ms)[0m  [1m[35mBEGIN[0m
  ↳ bin/rails:9
  [1m[36mActiveRecord::InternalMetadata Create (1.9ms)[0m  [1m[32mINSERT INTO "ar_internal_metadata" ("key", "value", "created_at", "updated_at") VALUES ($1, $2, $3, $4) RETURNING "key"[0m  [["key", "environment"], ["value", "development"], ["created_at", "2021-05-11 15:45:43.183929"], ["updated_at", "2021-05-11 15:45:43.183929"]]
  ↳ bin/rails:9
  [1m[35m (0.6ms)[0m  [1m[35mCOMMIT[0m
  ↳ bin/rails:9
  [1m[35m (1.0ms)[0m  [1m[34mSELECT pg_advisory_unlock(4913165718132987000)[0m
  ↳ bin/rails:9
  [1m[35m (0.7ms)[0m  [1m[34mSELECT "schema_migrations"."version" FROM "schema_migrations" ORDER BY "schema_migrations"."version" ASC[0m
  ↳ bin/rails:9
  [1m[35m (1.6ms)[0m  [1m[34mSELECT "schema_migrations"."version" FROM "schema_migrations" ORDER BY "schema_migrations"."version" ASC[0m
  ↳ bin/rails:9
  [1m[36mAirplane Load (1.3ms)[0m  [1m[34mSELECT "airplanes".* FROM "airplanes"[0m
  ↳ db/seeds.rb:1
  [1m[35m (0.4ms)[0m  [1m[35mBEGIN[0m
  ↳ db/seeds.rb:3
  [1m[36mAirplane Create (1.3ms)[0m  [1m[32mINSERT INTO "airplanes" ("name", "rows", "columns", "created_at", "updated_at") VALUES ($1, $2, $3, $4, $5) RETURNING "id"[0m  [["name", "David"], ["rows", 9], ["columns", 3], ["created_at", "2021-05-11 15:45:52.213570"], ["updated_at", "2021-05-11 15:45:52.213570"]]
  ↳ db/seeds.rb:3
  [1m[35m (1.3ms)[0m  [1m[35mCOMMIT[0m
  ↳ db/seeds.rb:3
  [1m[35m (0.2ms)[0m  [1m[35mBEGIN[0m
  ↳ db/seeds.rb:4
  [1m[36mAirplane Create (0.6ms)[0m  [1m[32mINSERT INTO "airplanes" ("name", "rows", "columns", "created_at", "updated_at") VALUES ($1, $2, $3, $4, $5) RETURNING "id"[0m  [["name", "Bhavya"], ["rows", 9], ["columns", 3], ["created_at", "2021-05-11 15:45:52.219417"], ["updated_at", "2021-05-11 15:45:52.219417"]]
  ↳ db/seeds.rb:4
  [1m[35m (0.5ms)[0m  [1m[35mCOMMIT[0m
  ↳ db/seeds.rb:4
  [1m[35m (0.1ms)[0m  [1m[35mBEGIN[0m
  ↳ db/seeds.rb:5
  [1m[36mAirplane Create (0.4ms)[0m  [1m[32mINSERT INTO "airplanes" ("name", "rows", "columns", "created_at", "updated_at") VALUES ($1, $2, $3, $4, $5) RETURNING "id"[0m  [["name", "Chris"], ["rows", 9], ["columns", 3], ["created_at", "2021-05-11 15:45:52.222136"], ["updated_at", "2021-05-11 15:45:52.222136"]]
  ↳ db/seeds.rb:5
  [1m[35m (0.6ms)[0m  [1m[35mCOMMIT[0m
  ↳ db/seeds.rb:5
  [1m[35m (0.2ms)[0m  [1m[35mBEGIN[0m
  ↳ db/seeds.rb:6
  [1m[36mAirplane Create (0.4ms)[0m  [1m[32mINSERT INTO "airplanes" ("name", "rows", "columns", "created_at", "updated_at") VALUES ($1, $2, $3, $4, $5) RETURNING "id"[0m  [["name", "Katie"], ["rows", 9], ["columns", 3], ["created_at", "2021-05-11 15:45:52.224558"], ["updated_at", "2021-05-11 15:45:52.224558"]]
  ↳ db/seeds.rb:6
  [1m[35m (0.4ms)[0m  [1m[35mCOMMIT[0m
  ↳ db/seeds.rb:6
  [1m[35m (0.1ms)[0m  [1m[35mBEGIN[0m
  ↳ db/seeds.rb:7
  [1m[36mAirplane Create (0.4ms)[0m  [1m[32mINSERT INTO "airplanes" ("name", "rows", "columns", "created_at", "updated_at") VALUES ($1, $2, $3, $4, $5) RETURNING "id"[0m  [["name", "Priyanka"], ["rows", 9], ["columns", 3], ["created_at", "2021-05-11 15:45:52.226606"], ["updated_at", "2021-05-11 15:45:52.226606"]]
  ↳ db/seeds.rb:7
  [1m[35m (0.4ms)[0m  [1m[35mCOMMIT[0m
  ↳ db/seeds.rb:7
  [1m[35m (0.1ms)[0m  [1m[35mBEGIN[0m
  ↳ db/seeds.rb:8
  [1m[36mAirplane Create (0.4ms)[0m  [1m[32mINSERT INTO "airplanes" ("name", "rows", "columns", "created_at", "updated_at") VALUES ($1, $2, $3, $4, $5) RETURNING "id"[0m  [["name", "Audrey"], ["rows", 9], ["columns", 3], ["created_at", "2021-05-11 15:45:52.228619"], ["updated_at", "2021-05-11 15:45:52.228619"]]
  ↳ db/seeds.rb:8
  [1m[35m (0.4ms)[0m  [1m[35mCOMMIT[0m
  ↳ db/seeds.rb:8
  [1m[35m (0.1ms)[0m  [1m[35mBEGIN[0m
  ↳ db/seeds.rb:9
  [1m[36mAirplane Create (0.6ms)[0m  [1m[32mINSERT INTO "airplanes" ("name", "rows", "columns", "created_at", "updated_at") VALUES ($1, $2, $3, $4, $5) RETURNING "id"[0m  [["name", "Mauritz"], ["rows", 9], ["columns", 3], ["created_at", "2021-05-11 15:45:52.230775"], ["updated_at", "2021-05-11 15:45:52.230775"]]
  ↳ db/seeds.rb:9
  [1m[35m (0.6ms)[0m  [1m[35mCOMMIT[0m
  ↳ db/seeds.rb:9
  [1m[35m (0.2ms)[0m  [1m[35mBEGIN[0m
  ↳ db/seeds.rb:10
  [1m[36mAirplane Create (0.5ms)[0m  [1m[32mINSERT INTO "airplanes" ("name", "rows", "columns", "created_at", "updated_at") VALUES ($1, $2, $3, $4, $5) RETURNING "id"[0m  [["name", "Faith"], ["rows", 9], ["columns", 3], ["created_at", "2021-05-11 15:45:52.233251"], ["updated_at", "2021-05-11 15:45:52.233251"]]
  ↳ db/seeds.rb:10
  [1m[35m (0.4ms)[0m  [1m[35mCOMMIT[0m
  ↳ db/seeds.rb:10
  [1m[35m (0.2ms)[0m  [1m[35mBEGIN[0m
  ↳ db/seeds.rb:11
  [1m[36mAirplane Create (0.3ms)[0m  [1m[32mINSERT INTO "airplanes" ("name", "rows", "columns", "created_at", "updated_at") VALUES ($1, $2, $3, $4, $5) RETURNING "id"[0m  [["name", "DavidJ"], ["rows", 9], ["columns", 3], ["created_at", "2021-05-11 15:45:52.235447"], ["updated_at", "2021-05-11 15:45:52.235447"]]
  ↳ db/seeds.rb:11
  [1m[35m (0.3ms)[0m  [1m[35mCOMMIT[0m
  ↳ db/seeds.rb:11
  [1m[35m (0.1ms)[0m  [1m[35mBEGIN[0m
  ↳ db/seeds.rb:12
  [1m[36mAirplane Create (0.4ms)[0m  [1m[32mINSERT INTO "airplanes" ("name", "rows", "columns", "created_at", "updated_at") VALUES ($1, $2, $3, $4, $5) RETURNING "id"[0m  [["name", "Kimberley"], ["rows", 9], ["columns", 3], ["created_at", "2021-05-11 15:45:52.237176"], ["updated_at", "2021-05-11 15:45:52.237176"]]
  ↳ db/seeds.rb:12
  [1m[35m (0.4ms)[0m  [1m[35mCOMMIT[0m
  ↳ db/seeds.rb:12
  [1m[35m (0.1ms)[0m  [1m[35mBEGIN[0m
  ↳ db/seeds.rb:13
  [1m[36mAirplane Create (0.4ms)[0m  [1m[32mINSERT INTO "airplanes" ("name", "rows", "columns", "created_at", "updated_at") VALUES ($1, $2, $3, $4, $5) RETURNING "id"[0m  [["name", "Sam"], ["rows", 9], ["columns", 3], ["created_at", "2021-05-11 15:45:52.239034"], ["updated_at", "2021-05-11 15:45:52.239034"]]
  ↳ db/seeds.rb:13
  [1m[35m (0.4ms)[0m  [1m[35mCOMMIT[0m
  ↳ db/seeds.rb:13
  [1m[35m (0.1ms)[0m  [1m[35mBEGIN[0m
  ↳ db/seeds.rb:14
  [1m[36mAirplane Create (0.3ms)[0m  [1m[32mINSERT INTO "airplanes" ("name", "rows", "columns", "created_at", "updated_at") VALUES ($1, $2, $3, $4, $5) RETURNING "id"[0m  [["name", "Nelly"], ["rows", 9], ["columns", 3], ["created_at", "2021-05-11 15:45:52.240897"], ["updated_at", "2021-05-11 15:45:52.240897"]]
  ↳ db/seeds.rb:14
  [1m[35m (0.3ms)[0m  [1m[35mCOMMIT[0m
  ↳ db/seeds.rb:14
  [1m[35m (0.1ms)[0m  [1m[35mBEGIN[0m
  ↳ db/seeds.rb:15
  [1m[36mAirplane Create (0.3ms)[0m  [1m[32mINSERT INTO "airplanes" ("name", "rows", "columns", "created_at", "updated_at") VALUES ($1, $2, $3, $4, $5) RETURNING "id"[0m  [["name", "Paul"], ["rows", 9], ["columns", 3], ["created_at", "2021-05-11 15:45:52.242550"], ["updated_at", "2021-05-11 15:45:52.242550"]]
  ↳ db/seeds.rb:15
  [1m[35m (0.4ms)[0m  [1m[35mCOMMIT[0m
  ↳ db/seeds.rb:15
  [1m[35m (0.1ms)[0m  [1m[35mBEGIN[0m
  ↳ db/seeds.rb:16
  [1m[36mAirplane Create (0.4ms)[0m  [1m[32mINSERT INTO "airplanes" ("name", "rows", "columns", "created_at", "updated_at") VALUES ($1, $2, $3, $4, $5) RETURNING "id"[0m  [["name", "Mai"], ["rows", 9], ["columns", 3], ["created_at", "2021-05-11 15:45:52.244227"], ["updated_at", "2021-05-11 15:45:52.244227"]]
  ↳ db/seeds.rb:16
  [1m[35m (0.4ms)[0m  [1m[35mCOMMIT[0m
  ↳ db/seeds.rb:16
  [1m[35m (4.1ms)[0m  [1m[35mBEGIN[0m
  ↳ db/seeds.rb:17
  [1m[36mAirplane Create (0.5ms)[0m  [1m[32mINSERT INTO "airplanes" ("name", "rows", "columns", "created_at", "updated_at") VALUES ($1, $2, $3, $4, $5) RETURNING "id"[0m  [["name", "Joel"], ["rows", 9], ["columns", 3], ["created_at", "2021-05-11 15:45:52.250056"], ["updated_at", "2021-05-11 15:45:52.250056"]]
  ↳ db/seeds.rb:17
  [1m[35m (0.4ms)[0m  [1m[35mCOMMIT[0m
  ↳ db/seeds.rb:17
  [1m[35m (3.1ms)[0m  [1m[34mSELECT COUNT(*) FROM "airplanes"[0m
  ↳ db/seeds.rb:19
  [1m[36mFlight Load (0.8ms)[0m  [1m[34mSELECT "flights".* FROM "flights"[0m
  ↳ db/seeds.rb:22
